<?xml version="1.0" encoding="utf-8"?><testsuites name="pytest tests"><testsuite name="pytest" errors="0" failures="0" skipped="0" tests="22" time="20.653" timestamp="2026-03-26T17:19:00.218409+00:00" hostname="agent-env-42f2c397-9d2c-4d71-b09b-9e39f295857e"><testcase classname="backend.tests.test_iteration3_features.TestOwnerLogin" name="test_owner_login_success" time="0.594" /><testcase classname="backend.tests.test_iteration3_features.TestOwnerLogin" name="test_owner_login_invalid_credentials" time="0.468" /><testcase classname="backend.tests.test_iteration3_features.TestAdminLogin" name="test_admin_login_success" time="0.466" /><testcase classname="backend.tests.test_iteration3_features.TestRestaurantCRUD" name="test_get_restaurants" time="0.743" /><testcase classname="backend.tests.test_iteration3_features.TestRestaurantCRUD" name="test_create_restaurant" time="0.571" /><testcase classname="backend.tests.test_iteration3_features.TestRestaurantCRUD" name="test_update_restaurant" time="0.875" /><testcase classname="backend.tests.test_iteration3_features.TestRestaurantCRUD" name="test_toggle_restaurant_status" time="0.994" /><testcase classname="backend.tests.test_iteration3_features.TestRestaurantCRUD" name="test_delete_restaurant_cascades_to_users" time="1.328" /><testcase classname="backend.tests.test_iteration3_features.TestAdminManagement" name="test_create_admin_with_expiration" time="1.094" /><testcase classname="backend.tests.test_iteration3_features.TestAdminManagement" name="test_update_admin_password_and_expiration" time="1.961" /><testcase classname="backend.tests.test_iteration3_features.TestAdminManagement" name="test_delete_admin_cascades_to_staff" time="2.162" /><testcase classname="backend.tests.test_iteration3_features.TestVenueTableCRUD" name="test_create_venue" time="0.576" /><testcase classname="backend.tests.test_iteration3_features.TestVenueTableCRUD" name="test_update_venue" time="0.867" /><testcase classname="backend.tests.test_iteration3_features.TestVenueTableCRUD" name="test_delete_venue" time="0.655" /><testcase classname="backend.tests.test_iteration3_features.TestVenueTableCRUD" name="test_create_table" time="0.900" /><testcase classname="backend.tests.test_iteration3_features.TestVenueTableCRUD" name="test_update_table" time="0.962" /><testcase classname="backend.tests.test_iteration3_features.TestVenueTableCRUD" name="test_delete_table" time="0.896" /><testcase classname="backend.tests.test_iteration3_features.TestUserManagement" name="test_get_users" time="0.533" /><testcase classname="backend.tests.test_iteration3_features.TestUserManagement" name="test_create_and_edit_user" time="1.114" /><testcase classname="backend.tests.test_iteration3_features.TestUserManagement" name="test_toggle_user_status" time="1.106" /><testcase classname="backend.tests.test_iteration3_features.TestUserManagement" name="test_delete_user" time="0.970" /><testcase classname="backend.tests.test_iteration3_features.TestOrderEditing" name="test_update_order_items" time="0.538" /></testsuite></testsuites>