<?xml version="1.0" encoding="utf-8"?><testsuites name="pytest tests"><testsuite name="pytest" errors="0" failures="0" skipped="0" tests="28" time="25.670" timestamp="2026-03-26T17:44:22.811810+00:00" hostname="agent-env-42f2c397-9d2c-4d71-b09b-9e39f295857e"><testcase classname="backend.tests.test_iteration4_features.TestAdminAuth" name="test_admin_login" time="0.668" /><testcase classname="backend.tests.test_iteration4_features.TestShiftLogs" name="test_create_shift_work" time="0.985" /><testcase classname="backend.tests.test_iteration4_features.TestShiftLogs" name="test_create_shift_rest" time="1.260" /><testcase classname="backend.tests.test_iteration4_features.TestShiftLogs" name="test_create_shift_absent" time="1.286" /><testcase classname="backend.tests.test_iteration4_features.TestShiftLogs" name="test_create_shift_late" time="0.946" /><testcase classname="backend.tests.test_iteration4_features.TestShiftLogs" name="test_get_shifts" time="0.600" /><testcase classname="backend.tests.test_iteration4_features.TestShiftLogs" name="test_get_shifts_with_filters" time="0.813" /><testcase classname="backend.tests.test_iteration4_features.TestShiftLogs" name="test_delete_shift" time="0.931" /><testcase classname="backend.tests.test_iteration4_features.TestPointsHistory" name="test_add_points_positive" time="0.907" /><testcase classname="backend.tests.test_iteration4_features.TestPointsHistory" name="test_add_points_negative" time="0.936" /><testcase classname="backend.tests.test_iteration4_features.TestPointsHistory" name="test_get_points_history" time="0.824" /><testcase classname="backend.tests.test_iteration4_features.TestIngredients" name="test_create_ingredient" time="0.599" /><testcase classname="backend.tests.test_iteration4_features.TestIngredients" name="test_get_ingredients" time="0.584" /><testcase classname="backend.tests.test_iteration4_features.TestIngredients" name="test_update_ingredient" time="1.611" /><testcase classname="backend.tests.test_iteration4_features.TestIngredients" name="test_delete_ingredient" time="1.097" /><testcase classname="backend.tests.test_iteration4_features.TestStockTransactions" name="test_purchase_transaction_increases_stock" time="0.886" /><testcase classname="backend.tests.test_iteration4_features.TestStockTransactions" name="test_usage_transaction_decreases_stock" time="1.041" /><testcase classname="backend.tests.test_iteration4_features.TestStockTransactions" name="test_get_stock_transactions" time="1.173" /><testcase classname="backend.tests.test_iteration4_features.TestInventorySummary" name="test_get_inventory_summary" time="0.753" /><testcase classname="backend.tests.test_iteration4_features.TestInventorySummary" name="test_low_stock_alert" time="1.491" /><testcase classname="backend.tests.test_iteration4_features.TestStaffPerformance" name="test_get_staff_performance_default" time="0.874" /><testcase classname="backend.tests.test_iteration4_features.TestStaffPerformance" name="test_get_staff_performance_today" time="0.762" /><testcase classname="backend.tests.test_iteration4_features.TestStaffPerformance" name="test_get_staff_performance_week" time="0.913" /><testcase classname="backend.tests.test_iteration4_features.TestStaffPerformance" name="test_get_staff_performance_year" time="0.709" /><testcase classname="backend.tests.test_iteration4_features.TestPinVerification" name="test_verify_admin_pin_correct" time="0.614" /><testcase classname="backend.tests.test_iteration4_features.TestPinVerification" name="test_verify_admin_pin_incorrect" time="0.687" /><testcase classname="backend.tests.test_iteration4_features.TestCleanup" name="test_cleanup_test_ingredients" time="0.736" /><testcase classname="backend.tests.test_iteration4_features.TestCleanup" name="test_cleanup_test_users" time="0.617" /></testsuite></testsuites>