<?xml version="1.0" encoding="utf-8"?><testsuites name="pytest tests"><testsuite name="pytest" errors="0" failures="0" skipped="0" tests="9" time="2.500" timestamp="2026-03-28T13:27:35.793759+00:00" hostname="agent-env-8173b7d5-3fe2-4c87-9733-142846c0a411"><testcase classname="backend.tests.test_iteration9_customer_page.TestSettingsAPI" name="test_get_settings_returns_service_charge" time="0.348" /><testcase classname="backend.tests.test_iteration9_customer_page.TestSessionAPI" name="test_start_session_creates_session" time="0.156" /><testcase classname="backend.tests.test_iteration9_customer_page.TestSessionAPI" name="test_start_session_invalid_table" time="0.182" /><testcase classname="backend.tests.test_iteration9_customer_page.TestMenuItemsAPI" name="test_get_menu_items" time="0.144" /><testcase classname="backend.tests.test_iteration9_customer_page.TestActiveDiscountsAPI" name="test_get_active_discounts" time="0.144" /><testcase classname="backend.tests.test_iteration9_customer_page.TestOrdersSessionAPI" name="test_get_session_orders" time="0.314" /><testcase classname="backend.tests.test_iteration9_customer_page.TestOrdersSessionAPI" name="test_get_session_orders_invalid_token" time="0.139" /><testcase classname="backend.tests.test_iteration9_customer_page.TestCreateOrderAPI" name="test_create_order_with_discount_item" time="0.452" /><testcase classname="backend.tests.test_iteration9_customer_page.TestBillSummaryCalculation" name="test_bill_summary_includes_service_charge_estimate" time="0.417" /></testsuite></testsuites>