<?xml version="1.0" encoding="utf-8"?><testsuites name="pytest tests"><testsuite name="pytest" errors="0" failures="0" skipped="0" tests="25" time="10.814" timestamp="2026-04-26T14:30:00.823641+00:00" hostname="agent-env-8a85db8b-81c9-4192-8d44-574e97adc100"><testcase classname="backend.tests.test_iteration11_features.TestMultiTenantIsolation" name="test_admin_vs_new_tenant_isolation[/categories]" time="1.212" /><testcase classname="backend.tests.test_iteration11_features.TestMultiTenantIsolation" name="test_admin_vs_new_tenant_isolation[/menu-items]" time="0.384" /><testcase classname="backend.tests.test_iteration11_features.TestMultiTenantIsolation" name="test_admin_vs_new_tenant_isolation[/venues]" time="0.382" /><testcase classname="backend.tests.test_iteration11_features.TestMultiTenantIsolation" name="test_admin_vs_new_tenant_isolation[/tables]" time="0.416" /><testcase classname="backend.tests.test_iteration11_features.TestMultiTenantIsolation" name="test_admin_vs_new_tenant_isolation[/orders/waiter]" time="0.330" /><testcase classname="backend.tests.test_iteration11_features.TestMultiTenantIsolation" name="test_admin_vs_new_tenant_isolation[/orders/kitchen]" time="0.346" /><testcase classname="backend.tests.test_iteration11_features.TestMultiTenantIsolation" name="test_admin_vs_new_tenant_isolation[/sessions/active]" time="0.279" /><testcase classname="backend.tests.test_iteration11_features.TestMultiTenantIsolation" name="test_admin_vs_new_tenant_isolation[/discounts]" time="0.286" /><testcase classname="backend.tests.test_iteration11_features.TestMultiTenantIsolation" name="test_owner_sees_all" time="0.716" /><testcase classname="backend.tests.test_iteration11_features.TestCustomerFlow" name="test_session_start_returns_restaurant_id" time="0.142" /><testcase classname="backend.tests.test_iteration11_features.TestCustomerFlow" name="test_categories_with_restaurant_id_no_auth" time="0.200" /><testcase classname="backend.tests.test_iteration11_features.TestCustomerFlow" name="test_menu_items_with_restaurant_id_no_auth" time="0.145" /><testcase classname="backend.tests.test_iteration11_features.TestCustomerFlow" name="test_categories_no_restaurant_no_auth_returns_empty" time="0.150" /><testcase classname="backend.tests.test_iteration11_features.TestCustomerFlow" name="test_menu_items_no_restaurant_no_auth_returns_empty" time="0.167" /><testcase classname="backend.tests.test_iteration11_features.TestRestaurantToggle" name="test_toggle_deactivates_then_reactivates_children" time="1.156" /><testcase classname="backend.tests.test_iteration11_features.TestPartnerPublic" name="test_list_visible_partners" time="0.130" /><testcase classname="backend.tests.test_iteration11_features.TestPartnerPublic" name="test_featured_filter" time="0.153" /><testcase classname="backend.tests.test_iteration11_features.TestPartnerPublic" name="test_nearby_filter_returns_distance" time="0.148" /><testcase classname="backend.tests.test_iteration11_features.TestPartnerRatings" name="test_post_rating_updates_aggregate" time="0.439" /><testcase classname="backend.tests.test_iteration11_features.TestPartnerRatings" name="test_list_ratings" time="0.139" /><testcase classname="backend.tests.test_iteration11_features.TestOwnerPartners" name="test_owner_partners_requires_owner" time="0.146" /><testcase classname="backend.tests.test_iteration11_features.TestOwnerPartners" name="test_owner_partners_owner_ok" time="0.172" /><testcase classname="backend.tests.test_iteration11_features.TestOwnerPartners" name="test_eligible_restaurants_owner_only" time="0.344" /><testcase classname="backend.tests.test_iteration11_features.TestOwnerPartners" name="test_create_update_delete_partner" time="0.463" /><testcase classname="backend.tests.test_iteration11_features.TestTranslate" name="test_translate_and_cache" time="2.237" /></testsuite></testsuites>