<?xml version="1.0" encoding="utf-8"?><testsuites name="pytest tests"><testsuite name="pytest" errors="0" failures="0" skipped="0" tests="9" time="9.741" timestamp="2026-03-28T12:58:07.785116+00:00" hostname="agent-env-7dd47e48-a431-4e2f-b31e-08825c4e7034"><testcase classname="backend.tests.test_iteration8_features.TestIteration8Features" name="test_01_login_success" time="1.092" /><testcase classname="backend.tests.test_iteration8_features.TestIteration8Features" name="test_02_get_active_discounts" time="0.652" /><testcase classname="backend.tests.test_iteration8_features.TestIteration8Features" name="test_03_create_order_no_service_charge" time="0.893" /><testcase classname="backend.tests.test_iteration8_features.TestIteration8Features" name="test_04_close_session_with_service_charge" time="0.542" /><testcase classname="backend.tests.test_iteration8_features.TestIteration8Features" name="test_05_session_transfer" time="1.297" /><testcase classname="backend.tests.test_iteration8_features.TestIteration8Features" name="test_06_transfer_fails_same_table" time="1.754" /><testcase classname="backend.tests.test_iteration8_features.TestIteration8Features" name="test_07_timed_service_serve_no_service_charge" time="1.199" /><testcase classname="backend.tests.test_iteration8_features.TestIteration8Features" name="test_08_timed_service_stop" time="1.047" /><testcase classname="backend.tests.test_iteration8_features.TestIteration8Features" name="test_09_order_includes_discount_details" time="1.117" /></testsuite></testsuites>