<?xml version="1.0" encoding="utf-8"?><testsuites name="pytest tests"><testsuite name="pytest" errors="0" failures="0" skipped="0" tests="9" time="3.458" timestamp="2026-04-17T13:21:55.876662+00:00" hostname="agent-env-d5fd4c62-5c6b-4c14-b89a-ebb916d9403c"><testcase classname="tests.test_iteration10_features.TestStationsEndpoint" name="test_get_stations_returns_default_stations" time="0.190" /><testcase classname="tests.test_iteration10_features.TestMenuItemsWithTargetStation" name="test_create_menu_item_with_target_station_kitchen" time="1.030" /><testcase classname="tests.test_iteration10_features.TestMenuItemsWithTargetStation" name="test_create_menu_item_with_target_station_bar" time="0.409" /><testcase classname="tests.test_iteration10_features.TestMenuItemsWithTargetStation" name="test_update_menu_item_target_station" time="0.615" /><testcase classname="tests.test_iteration10_features.TestOrdersWithTargetStation" name="test_create_order_populates_target_station" time="0.448" /><testcase classname="tests.test_iteration10_features.TestKitchenOrdersFiltering" name="test_get_kitchen_orders_no_filter" time="0.168" /><testcase classname="tests.test_iteration10_features.TestKitchenOrdersFiltering" name="test_get_kitchen_orders_filter_by_kitchen" time="0.155" /><testcase classname="tests.test_iteration10_features.TestKitchenOrdersFiltering" name="test_get_kitchen_orders_filter_by_bar" time="0.140" /><testcase classname="tests.test_iteration10_features.TestSettingsEndpoint" name="test_get_settings_returns_background_fields" time="0.158" /></testsuite></testsuites>