<?xml version="1.0" encoding="utf-8"?><testsuites name="pytest tests"><testsuite name="pytest" errors="0" failures="0" skipped="0" tests="13" time="8.997" timestamp="2026-03-26T19:23:19.583175+00:00" hostname="agent-env-7dd47e48-a431-4e2f-b31e-08825c4e7034"><testcase classname="backend.tests.test_iteration6_features.TestSecurityHeaders" name="test_security_headers_on_health_endpoint" time="0.450" /><testcase classname="backend.tests.test_iteration6_features.TestSecurityHeaders" name="test_security_headers_on_settings_endpoint" time="0.210" /><testcase classname="backend.tests.test_iteration6_features.TestImageUpload" name="test_upload_image_success" time="1.280" /><testcase classname="backend.tests.test_iteration6_features.TestImageUpload" name="test_upload_image_invalid_type" time="1.023" /><testcase classname="backend.tests.test_iteration6_features.TestImageUpload" name="test_upload_image_unauthorized" time="0.197" /><testcase classname="backend.tests.test_iteration6_features.TestFileRetrieval" name="test_get_file_not_found" time="0.227" /><testcase classname="backend.tests.test_iteration6_features.TestSessionDeletion" name="test_delete_session_cascade" time="1.613" /><testcase classname="backend.tests.test_iteration6_features.TestSessionDeletion" name="test_delete_session_not_found" time="0.719" /><testcase classname="backend.tests.test_iteration6_features.TestSessionDeletion" name="test_delete_session_unauthorized" time="0.173" /><testcase classname="backend.tests.test_iteration6_features.TestCloseSessionServiceCharge" name="test_close_session_returns_service_charge_percentage" time="1.558" /><testcase classname="backend.tests.test_iteration6_features.TestSettingsServiceCharge" name="test_get_settings_has_service_charge" time="0.141" /><testcase classname="backend.tests.test_iteration6_features.TestSettingsServiceCharge" name="test_update_service_charge" time="1.128" /><testcase classname="backend.tests.test_iteration6_features.TestMasaNaming" name="test_translations_use_masa" time="0.001" /></testsuite></testsuites>