<?xml version="1.0" encoding="utf-8"?><testsuites name="pytest tests"><testsuite name="pytest" errors="0" failures="0" skipped="0" tests="13" time="15.373" timestamp="2026-03-26T18:49:15.005345+00:00" hostname="agent-env-7dd47e48-a431-4e2f-b31e-08825c4e7034"><testcase classname="backend.tests.test_iteration5_features.TestSettings" name="test_get_settings" time="0.845" /><testcase classname="backend.tests.test_iteration5_features.TestSettings" name="test_update_service_charge_percentage" time="1.127" /><testcase classname="backend.tests.test_iteration5_features.TestRecipeMapping" name="test_create_recipe_for_menu_item" time="1.063" /><testcase classname="backend.tests.test_iteration5_features.TestRecipeMapping" name="test_get_recipe_for_menu_item" time="0.961" /><testcase classname="backend.tests.test_iteration5_features.TestRecipeMapping" name="test_get_all_recipes" time="1.047" /><testcase classname="backend.tests.test_iteration5_features.TestTimedServices" name="test_create_timed_service" time="1.568" /><testcase classname="backend.tests.test_iteration5_features.TestTimedServices" name="test_get_timed_services_by_session" time="1.029" /><testcase classname="backend.tests.test_iteration5_features.TestTimedServices" name="test_get_active_timed_services" time="0.932" /><testcase classname="backend.tests.test_iteration5_features.TestTimedServices" name="test_mark_timed_service_served" time="1.410" /><testcase classname="backend.tests.test_iteration5_features.TestTimedServices" name="test_delete_timed_service" time="1.339" /><testcase classname="backend.tests.test_iteration5_features.TestAutoDeduction" name="test_stock_deduction_on_order" time="1.640" /><testcase classname="backend.tests.test_iteration5_features.TestVoiceWebSocket" name="test_voice_websocket_endpoint_exists" time="0.256" /><testcase classname="backend.tests.test_iteration5_features.TestServiceChargeInOrders" name="test_order_includes_service_charge" time="1.884" /></testsuite></testsuites>