<?xml version="1.0" encoding="utf-8"?><testsuites name="pytest tests"><testsuite name="pytest" errors="0" failures="0" skipped="1" tests="10" time="8.220" timestamp="2026-03-28T12:29:32.618987+00:00" hostname="agent-env-7dd47e48-a431-4e2f-b31e-08825c4e7034"><testcase classname="backend.tests.test_iteration7_features.TestIteration7Features" name="test_mark_timed_service_served_creates_order" time="1.296" /><testcase classname="backend.tests.test_iteration7_features.TestIteration7Features" name="test_mark_served_updates_serve_count" time="0.876" /><testcase classname="backend.tests.test_iteration7_features.TestIteration7Features" name="test_stop_timed_service_deactivates" time="0.838" /><testcase classname="backend.tests.test_iteration7_features.TestIteration7Features" name="test_stop_nonexistent_service_returns_404" time="0.592" /><testcase classname="backend.tests.test_iteration7_features.TestIteration7Features" name="test_transfer_session_to_new_table" time="0.891" /><testcase classname="backend.tests.test_iteration7_features.TestIteration7Features" name="test_transfer_fails_if_target_has_active_session" time="0.601"><skipped type="pytest.skip" message="Need at least 2 active sessions for this test">/app/backend/tests/test_iteration7_features.py:297: Need at least 2 active sessions for this test</skipped></testcase><testcase classname="backend.tests.test_iteration7_features.TestIteration7Features" name="test_transfer_fails_if_same_table" time="0.718" /><testcase classname="backend.tests.test_iteration7_features.TestIteration7Features" name="test_transfer_nonexistent_session_returns_404" time="0.635" /><testcase classname="backend.tests.test_iteration7_features.TestIteration7Features" name="test_transfer_to_nonexistent_table_returns_404" time="0.664" /><testcase classname="backend.tests.test_iteration7_features.TestTimedServiceOrderVerification" name="test_served_order_has_correct_status" time="0.815" /></testsuite></testsuites>