<?xml version="1.0" encoding="utf-8"?><testsuites name="pytest tests"><testsuite name="pytest" errors="0" failures="0" skipped="0" tests="16" time="10.025" timestamp="2026-03-25T23:37:38.802387+00:00" hostname="agent-env-42f2c397-9d2c-4d71-b09b-9e39f295857e"><testcase classname="backend.tests.test_multi_restaurant.TestOwnerLogin" name="test_owner_login_success" time="0.578" /><testcase classname="backend.tests.test_multi_restaurant.TestOwnerLogin" name="test_owner_login_returns_correct_role" time="0.619" /><testcase classname="backend.tests.test_multi_restaurant.TestRestaurantCRUD" name="test_get_restaurants_list" time="0.650" /><testcase classname="backend.tests.test_multi_restaurant.TestRestaurantCRUD" name="test_create_restaurant" time="0.129" /><testcase classname="backend.tests.test_multi_restaurant.TestRestaurantCRUD" name="test_create_and_verify_restaurant" time="0.454" /><testcase classname="backend.tests.test_multi_restaurant.TestAdminCreation" name="test_create_admin_for_restaurant" time="0.806" /><testcase classname="backend.tests.test_multi_restaurant.TestAdminCreation" name="test_owner_can_only_create_admins" time="0.356" /><testcase classname="backend.tests.test_multi_restaurant.TestAdminLogin" name="test_admin_login_success" time="0.662" /><testcase classname="backend.tests.test_multi_restaurant.TestExpirationCheck" name="test_expired_admin_gets_403" time="1.681" /><testcase classname="backend.tests.test_multi_restaurant.TestToggleStatus" name="test_toggle_restaurant_status" time="0.423" /><testcase classname="backend.tests.test_multi_restaurant.TestToggleStatus" name="test_toggle_admin_status" time="0.264" /><testcase classname="backend.tests.test_multi_restaurant.TestToggleStatus" name="test_restaurant_deactivation_cascades_to_users" time="1.149" /><testcase classname="backend.tests.test_multi_restaurant.TestSessionsAPI" name="test_get_active_sessions" time="0.126" /><testcase classname="backend.tests.test_multi_restaurant.TestSessionsAPI" name="test_get_sessions_history" time="0.781" /><testcase classname="backend.tests.test_multi_restaurant.TestSettingsPage" name="test_get_settings" time="0.150" /><testcase classname="backend.tests.test_multi_restaurant.TestSettingsPage" name="test_update_settings" time="0.499" /></testsuite></testsuites>