<?xml version="1.0" encoding="utf-8"?><testsuites name="pytest tests"><testsuite name="pytest" errors="0" failures="0" skipped="0" tests="25" time="18.220" timestamp="2026-03-20T22:43:52.365752+00:00" hostname="agent-env-ada30123-db05-4070-b4e7-63b4cbe8c402"><testcase classname="backend.tests.test_restaurant_api.TestAuth" name="test_login_owner_success" time="1.536" /><testcase classname="backend.tests.test_restaurant_api.TestAuth" name="test_login_invalid_credentials" time="0.374" /><testcase classname="backend.tests.test_restaurant_api.TestExpenses" name="test_get_expenses" time="2.504" /><testcase classname="backend.tests.test_restaurant_api.TestExpenses" name="test_create_expense" time="0.592" /><testcase classname="backend.tests.test_restaurant_api.TestExpenses" name="test_create_and_verify_expense" time="0.912" /><testcase classname="backend.tests.test_restaurant_api.TestDiscounts" name="test_get_discounts" time="0.229" /><testcase classname="backend.tests.test_restaurant_api.TestDiscounts" name="test_get_active_discounts" time="0.251" /><testcase classname="backend.tests.test_restaurant_api.TestDiscounts" name="test_create_discount" time="0.278" /><testcase classname="backend.tests.test_restaurant_api.TestDiscounts" name="test_create_and_verify_discount" time="0.919" /><testcase classname="backend.tests.test_restaurant_api.TestDiscounts" name="test_toggle_discount" time="0.867" /><testcase classname="backend.tests.test_restaurant_api.TestReservations" name="test_get_reservations" time="0.432" /><testcase classname="backend.tests.test_restaurant_api.TestReservations" name="test_create_reservation_requires_table" time="1.278" /><testcase classname="backend.tests.test_restaurant_api.TestFinancialAnalytics" name="test_get_financial_analytics" time="0.719" /><testcase classname="backend.tests.test_restaurant_api.TestFinancialAnalytics" name="test_get_financial_analytics_with_date_range" time="0.220" /><testcase classname="backend.tests.test_restaurant_api.TestMenus" name="test_get_menus" time="0.266" /><testcase classname="backend.tests.test_restaurant_api.TestMenus" name="test_create_menu" time="0.836" /><testcase classname="backend.tests.test_restaurant_api.TestMenus" name="test_create_and_verify_menu" time="1.637" /><testcase classname="backend.tests.test_restaurant_api.TestDetailedAnalytics" name="test_get_detailed_analytics" time="1.107" /><testcase classname="backend.tests.test_restaurant_api.TestDetailedAnalytics" name="test_get_popular_items" time="0.245" /><testcase classname="backend.tests.test_restaurant_api.TestUsers" name="test_get_users" time="0.286" /><testcase classname="backend.tests.test_restaurant_api.TestVenuesAndTables" name="test_get_venues" time="0.355" /><testcase classname="backend.tests.test_restaurant_api.TestVenuesAndTables" name="test_get_tables" time="0.345" /><testcase classname="backend.tests.test_restaurant_api.TestVenuesAndTables" name="test_get_available_tables" time="0.283" /><testcase classname="backend.tests.test_restaurant_api.TestSettings" name="test_get_settings" time="0.280" /><testcase classname="backend.tests.test_restaurant_api.TestActiveSessions" name="test_get_active_sessions" time="0.363" /></testsuite></testsuites>